<?xml version="1.0" encoding="utf-8"?><testsuites name="pytest tests"><testsuite name="pytest" errors="0" failures="1" skipped="0" tests="14" time="2.751" timestamp="2026-09-17T21:47:57.821188+00:00" hostname="agent-env-1a8a90e8-178e-4b42-a5df-7fe1ab4e8b80"><testcase classname="tests.backend_test.TestAuth" name="test_root" time="0.250" /><testcase classname="tests.backend_test.TestAuth" name="test_login_seed" time="0.509" /><testcase classname="tests.backend_test.TestZones" name="test_list_zones_seeded" time="0.764" /><testcase classname="tests.backend_test.TestAuth" name="test_login_wrong_pw" time="0.297" /><testcase classname="tests.backend_test.TestZones" name="test_list_zones_no_coords" time="0.298" /><testcase classname="tests.backend_test.TestAuth" name="test_me_no_token" time="0.072" /><testcase classname="tests.backend_test.TestZones" name="test_list_zones_requires_auth" time="0.081" /><testcase classname="tests.backend_test.TestAuth" name="test_me_invalid_token" time="0.074" /><testcase classname="tests.backend_test.TestZones" name="test_create_and_get_zone" time="0.397" /><testcase classname="tests.backend_test.TestAuth" name="test_me_valid" time="0.366" /><testcase classname="tests.backend_test.TestAuth" name="test_register_and_duplicate" time="0.297"><failure message="AssertionError: assert ('test_e1fbc50c@test.com' == 'TEST_e1fbc50c@test.com'&#10;  &#10;  - TEST_e1fbc50c@test.com&#10;  ? ^^^^&#10;  + test_e1fbc50c@test.com&#10;  ? ^^^^)">backend/tests/backend_test.py:76: in test_register_and_duplicate
    assert j["user"]["email"] == email and j["token"]
E   AssertionError: assert ('test_e1fbc50c@test.com' == 'TEST_e1fbc50c@test.com'
E     
E     - TEST_e1fbc50c@test.com
E     ? ^^^^
E     + test_e1fbc50c@test.com
E     ? ^^^^)</failure></testcase><testcase classname="tests.backend_test.TestActivities" name="test_create_activity_and_persist" time="0.514" /><testcase classname="tests.backend_test.TestProfile" name="test_profile_stats" time="0.035" /><testcase classname="tests.backend_test.TestLeaderboard" name="test_leaderboard_distance_and_pace" time="0.364" /></testsuite></testsuites>