<?xml version="1.0" encoding="utf-8"?><testsuites name="pytest tests"><testsuite name="pytest" errors="0" failures="0" skipped="0" tests="22" time="4.161" timestamp="2026-09-18T00:01:19.899749+00:00" hostname="agent-env-1a8a90e8-178e-4b42-a5df-7fe1ab4e8b80"><testcase classname="tests.backend_test.TestAuth" name="test_root" time="0.255" /><testcase classname="tests.backend_test.TestAuth" name="test_login_seed" time="0.458" /><testcase classname="tests.backend_test.TestZones" name="test_list_zones_seeded" time="0.726" /><testcase classname="tests.backend_test.TestAuth" name="test_login_wrong_pw" time="0.291" /><testcase classname="tests.backend_test.TestZones" name="test_list_zones_no_coords" time="0.246" /><testcase classname="tests.backend_test.TestZones" name="test_list_zones_requires_auth" time="0.079" /><testcase classname="tests.backend_test.TestAuth" name="test_me_no_token" time="0.033" /><testcase classname="tests.backend_test.TestAuth" name="test_me_invalid_token" time="0.069" /><testcase classname="tests.backend_test.TestZones" name="test_create_and_get_zone" time="0.384" /><testcase classname="tests.backend_test.TestAuth" name="test_me_valid" time="0.354" /><testcase classname="tests.backend_test.TestAuth" name="test_register_and_duplicate" time="0.515" /><testcase classname="tests.test_iteration2.TestProfileRecordsAndGoal" name="test_stats_has_records_and_goal" time="0.585" /><testcase classname="tests.test_iteration2.TestProfileRecordsAndGoal" name="test_put_goal_persists" time="0.564" /><testcase classname="tests.test_iteration2.TestLikes" name="test_toggle_like_on_and_off" time="0.750" /><testcase classname="tests.test_iteration2.TestProfileRecordsAndGoal" name="test_goal_validation" time="0.196" /><testcase classname="tests.test_iteration2.TestLikes" name="test_like_404" time="0.131" /><testcase classname="tests.test_iteration2.TestProfileRecordsAndGoal" name="test_records_reflect_activity" time="0.291" /><testcase classname="tests.test_iteration2.TestLikes" name="test_like_requires_auth" time="0.080" /><testcase classname="tests.test_iteration2.TestLikes" name="test_list_activities_includes_like_fields" time="0.201" /><testcase classname="tests.backend_test.TestActivities" name="test_create_activity_and_persist" time="0.420" /><testcase classname="tests.backend_test.TestProfile" name="test_profile_stats" time="0.028" /><testcase classname="tests.backend_test.TestLeaderboard" name="test_leaderboard_distance_and_pace" time="0.345" /></testsuite></testsuites>